#
# There is insufficient memory for the Java Runtime Environment to continue.
# Native memory allocation (malloc) failed to allocate 1048592 bytes for Chunk::new
# Possible reasons:
#   The system is out of physical RAM or swap space
#   The process is running with CompressedOops enabled, and the Java Heap may be blocking the growth of the native heap
# Possible solutions:
#   Reduce memory load on the system
#   Increase physical memory or swap space
#   Check if swap backing store is full
#   Decrease Java heap size (-Xmx/-Xms)
#   Decrease number of Java threads
#   Decrease Java thread stack sizes (-Xss)
#   Set larger code cache with -XX:ReservedCodeCacheSize=
#   JVM is running with Unscaled Compressed Oops mode in which the Java heap is
#     placed in the first 4GB address space. The Java Heap base address is the
#     maximum limit for the native heap growth. Please use -XX:HeapBaseMinAddress
#     to set the Java Heap base and to place the Java Heap above 4GB virtual address.
# This output file may be truncated or incomplete.
#
#  Out of Memory Error (allocation.cpp:389), pid=6524, tid=0x0000000000001a14
#
# JRE version: OpenJDK Runtime Environment (8.0_202-b03) (build 1.8.0_202-release-1483-b03)
# Java VM: OpenJDK 64-Bit Server VM (25.202-b03 mixed mode windows-amd64 compressed oops)
# Failed to write core dump. Minidumps are not enabled by default on client versions of Windows
#

---------------  T H R E A D  ---------------

Current thread (0x00000000169f1800):  JavaThread "C2 CompilerThread1" daemon [_thread_in_native, id=6676, stack(0x0000000018130000,0x0000000018230000)]

Stack: [0x0000000018130000,0x0000000018230000]
[error occurred during error reporting (printing stack bounds), id 0xc0000005]

Native frames: (J=compiled Java code, j=interpreted, Vv=VM code, C=native code)


Current CompileTask:
C2:3660487 25491       4       org.gradle.api.internal.artifacts.transform.ImmutableTransformationWorkspaceProvider::lambda$withWorkspace$0 (66 bytes)


---------------  P R O C E S S  ---------------

Java Threads: ( => current thread )
  0x00000000185a1000 JavaThread "Cache worker for execution history cache (C:\Users\ALEXANDRE\AndroidStudioProjects\Aure\.gradle\5.4.1\executionHistory)" [_thread_blocked, id=6268, stack(0x00000000254f0000,0x00000000255f0000)]
  0x000000001859b000 JavaThread "Execution worker for ':' Thread 3" [_thread_in_native, id=6472, stack(0x0000000024b40000,0x0000000024c40000)]
  0x0000000018598000 JavaThread "Execution worker for ':' Thread 2" [_thread_blocked, id=5744, stack(0x0000000024840000,0x0000000024940000)]
  0x000000001859a800 JavaThread "Execution worker for ':'" [_thread_blocked, id=3476, stack(0x0000000024740000,0x0000000024840000)]
  0x000000001859c000 JavaThread "Cache worker for file content cache (C:\Users\ALEXANDRE\AndroidStudioProjects\Aure\.gradle\5.4.1\fileContent)" [_thread_blocked, id=1488, stack(0x0000000024440000,0x0000000024540000)]
  0x000000001c3d3800 JavaThread "Cache worker for Build Output Cleanup Cache (C:\Users\ALEXANDRE\AndroidStudioProjects\Aure\.gradle\buildOutputCleanup)" [_thread_blocked, id=6848, stack(0x0000000022b20000,0x0000000022c20000)]
  0x000000001c3d2800 JavaThread "pool-14-thread-1" [_thread_blocked, id=4888, stack(0x0000000020e70000,0x0000000020f70000)]
  0x000000001c3d2000 JavaThread "Build operations Thread 4" [_thread_blocked, id=1548, stack(0x0000000020d70000,0x0000000020e70000)]
  0x000000001c3d5800 JavaThread "Build operations Thread 3" [_thread_blocked, id=6908, stack(0x0000000020c70000,0x0000000020d70000)]
  0x000000001c3d7000 JavaThread "Build operations Thread 2" [_thread_blocked, id=5276, stack(0x0000000020b70000,0x0000000020c70000)]
  0x000000001c3d4000 JavaThread "Build operations" [_thread_blocked, id=5852, stack(0x000000001f390000,0x000000001f490000)]
  0x000000001c3d6800 JavaThread "Cache worker for cache directory md-rule (C:\Users\ALEXANDRE\FamilyLife\.gradle\caches\5.4.1\md-rule)" [_thread_blocked, id=5076, stack(0x000000001f290000,0x000000001f390000)]
  0x000000001c3d8800 JavaThread "Cache worker for cache directory md-supplier (C:\Users\ALEXANDRE\FamilyLife\.gradle\caches\5.4.1\md-supplier)" [_thread_blocked, id=3816, stack(0x000000001f190000,0x000000001f290000)]
  0x000000001c3d5000 JavaThread "Cache worker for file hash cache (C:\Users\ALEXANDRE\AndroidStudioProjects\Aure\.gradle\5.4.1\fileHashes)" [_thread_blocked, id=5808, stack(0x000000001f090000,0x000000001f190000)]
  0x000000001c3d1000 JavaThread "Thread-153" [_thread_blocked, id=5336, stack(0x000000001b220000,0x000000001b320000)]
  0x000000001c3c9800 JavaThread "Stdin handler" [_thread_blocked, id=3188, stack(0x000000001af20000,0x000000001b020000)]
  0x000000001c3cf800 JavaThread "Asynchronous log dispatcher for DefaultDaemonConnection: socket connection from /127.0.0.1:51756 to /127.0.0.1:55514" [_thread_blocked, id=5212, stack(0x000000001ab20000,0x000000001ac20000)]
  0x000000001c3cf000 JavaThread "Cancel handler" [_thread_blocked, id=5248, stack(0x0000000002cb0000,0x0000000002db0000)]
  0x000000001c3cd800 JavaThread "Handler for socket connection from /127.0.0.1:51756 to /127.0.0.1:55514" [_thread_in_native, id=3940, stack(0x0000000001390000,0x0000000001490000)]
  0x000000001859f000 JavaThread "Daemon worker Thread 5" [_thread_blocked, id=6352, stack(0x000000001aa20000,0x000000001ab20000)]
  0x0000000018597800 JavaThread "Daemon Thread 5" [_thread_blocked, id=5172, stack(0x0000000001290000,0x0000000001390000)]
  0x000000001c3d8000 JavaThread "Cache worker for Java compile cache (C:\Users\ALEXANDRE\FamilyLife\.gradle\caches\5.4.1\javaCompile)" [_thread_blocked, id=6860, stack(0x000000001ae20000,0x000000001af20000)]
  0x00000000185a0800 JavaThread "MarlinRenderer Disposer" daemon [_thread_blocked, id=2376, stack(0x0000000025140000,0x0000000025240000)]
  0x000000001859f800 JavaThread "Java2D Disposer" daemon [_thread_blocked, id=4844, stack(0x0000000025040000,0x0000000025140000)]
  0x0000000019da5000 JavaThread "Cache worker for file content cache (C:\Users\ALEXANDRE\FamilyLife\.gradle\caches\5.4.1\fileContent)" [_thread_blocked, id=2624, stack(0x0000000022620000,0x0000000022720000)]
  0x000000001c3ca800 JavaThread "Memory manager" [_thread_blocked, id=2976, stack(0x0000000023220000,0x0000000023320000)]
  0x0000000019da3800 JavaThread "Cache worker for execution history cache (C:\Users\ALEXANDRE\FamilyLife\.gradle\caches\5.4.1\executionHistory)" [_thread_blocked, id=3784, stack(0x0000000020670000,0x0000000020770000)]
  0x0000000019da6800 JavaThread "Cache worker for journal cache (C:\Users\ALEXANDRE\FamilyLife\.gradle\caches\journal-1)" [_thread_blocked, id=2604, stack(0x000000001b720000,0x000000001b820000)]
  0x0000000019da4000 JavaThread "File lock request listener" [_thread_in_native, id=1208, stack(0x000000001b420000,0x000000001b520000)]
  0x00000000192a1800 JavaThread "Cache worker for file hash cache (C:\Users\ALEXANDRE\FamilyLife\.gradle\caches\5.4.1\fileHashes)" [_thread_blocked, id=4896, stack(0x000000001b320000,0x000000001b420000)]
  0x0000000019c99000 JavaThread "Daemon periodic checks" [_thread_blocked, id=1264, stack(0x000000001a920000,0x000000001aa20000)]
  0x0000000019c96000 JavaThread "Incoming local TCP Connector on port 51756" [_thread_in_native, id=4632, stack(0x000000001a740000,0x000000001a840000)]
  0x0000000019a80800 JavaThread "Daemon health stats" [_thread_blocked, id=5384, stack(0x000000001a100000,0x000000001a200000)]
  0x0000000018360800 JavaThread "Service Thread" daemon [_thread_blocked, id=3948, stack(0x0000000018730000,0x0000000018830000)]
  0x00000000169f7800 JavaThread "C1 CompilerThread2" daemon [_thread_blocked, id=5928, stack(0x0000000018230000,0x0000000018330000)]
=>0x00000000169f1800 JavaThread "C2 CompilerThread1" daemon [_thread_in_native, id=6676, stack(0x0000000018130000,0x0000000018230000)]
  0x00000000169ee000 JavaThread "C2 CompilerThread0" daemon [_thread_blocked, id=5080, stack(0x0000000018030000,0x0000000018130000)]
  0x00000000169ec000 JavaThread "Attach Listener" daemon [_thread_blocked, id=6084, stack(0x0000000017f30000,0x0000000018030000)]
  0x00000000169eb000 JavaThread "Signal Dispatcher" daemon [_thread_blocked, id=3920, stack(0x0000000017e30000,0x0000000017f30000)]
  0x000000000307b800 JavaThread "Finalizer" daemon [_thread_blocked, id=3808, stack(0x0000000017c50000,0x0000000017d50000)]
  0x00000000169d9000 JavaThread "Reference Handler" daemon [_thread_blocked, id=5516, stack(0x0000000017b50000,0x0000000017c50000)]
  0x0000000002f82800 JavaThread "main" [_thread_blocked, id=5940, stack(0x0000000002e80000,0x0000000002f80000)]

Other Threads:
  0x00000000169b7800 VMThread [stack: 0x0000000017a50000,0x0000000017b50000] [id=5792]
  0x000000001836a000 WatcherThread [stack: 0x0000000018830000,0x0000000018930000] [id=5716]

VM state:not at safepoint (normal execution)

VM Mutex/Monitor currently owned by a thread: None

heap address: 0x00000000a0000000, size: 1536 MB, Compressed Oops mode: 32-bit
Narrow klass base: 0x0000000000000000, Narrow klass shift: 3
Compressed class space size: 1073741824 Address: 0x0000000100000000

Heap:
 PSYoungGen      total 391680K, used 266687K [0x00000000e0000000, 0x00000000fef80000, 0x0000000100000000)
  eden space 275968K, 91% used [0x00000000e0000000,0x00000000ef64f480,0x00000000f0d80000)
  from space 115712K, 12% used [0x00000000f7e80000,0x00000000f8ca07c0,0x00000000fef80000)
  to   space 25600K, 0% used [0x00000000f0d80000,0x00000000f0d80000,0x00000000f2680000)
 ParOldGen       total 273920K, used 212978K [0x00000000a0000000, 0x00000000b0b80000, 0x00000000e0000000)
  object space 273920K, 77% used [0x00000000a0000000,0x00000000acffc880,0x00000000b0b80000)
 Metaspace       used 97862K, capacity 102440K, committed 102696K, reserved 1138688K
  class space    used 12314K, capacity 13246K, committed 13352K, reserved 1048576K

Card table byte_map: [0x0000000012440000,0x0000000012750000] byte_map_base: 0x0000000011f40000

Marking Bits: (ParMarkBitMap*) 0x000000005bf79f30
 Begin Bits: [0x0000000012d50000, 0x0000000014550000)
 End Bits:   [0x0000000014550000, 0x0000000015d50000)

Polling page: 0x0000000001540000

CodeCache: size=245760Kb used=68150Kb max_used=68173Kb free=177609Kb
 bounds [0x0000000003080000, 0x0000000007380000, 0x0000000012080000]
 total_blobs=19883 nmethods=18905 adapters=890
 compilation: enabled

Compilation events (10 events):
Event: 3658.483 Thread 0x00000000169f7800 nmethod 25495 0x0000000007338bd0 code [0x0000000007338d40, 0x0000000007338ea8]
Event: 3658.483 Thread 0x00000000169f7800 25496   !   3       org.gradle.execution.plan.DefaultExecutionPlan::canonicalizePath (41 bytes)
Event: 3658.484 Thread 0x00000000169f7800 nmethod 25496 0x0000000007329510 code [0x0000000007329700, 0x0000000007329e68]
Event: 3658.576 Thread 0x00000000169f7800 25497       3       org.gradle.internal.cleanup.DefaultBuildOutputCleanupRegistry::isOutputOwnedByBuild (39 bytes)
Event: 3658.577 Thread 0x00000000169f7800 nmethod 25497 0x0000000007340850 code [0x0000000007340a60, 0x00000000073413a8]
Event: 3659.259 Thread 0x00000000169ee000 nmethod 25481 0x000000000736de90 code [0x000000000736e4e0, 0x0000000007371ed8]
Event: 3659.259 Thread 0x00000000169ee000 25493       4       org.gradle.api.internal.artifacts.transform.TransformationNode$ArtifactTransformationStepBuildOperation::<init> (6 bytes)
Event: 3659.260 Thread 0x00000000169ee000 nmethod 25493 0x0000000005e91b50 code [0x0000000005e91c80, 0x0000000005e91cf8]
Event: 3659.260 Thread 0x00000000169ee000 25492       4       org.gradle.internal.execution.steps.SkipUpToDateStep::lambda$execute$0 (78 bytes)
Event: 3659.265 Thread 0x00000000169ee000 nmethod 25492 0x00000000073381d0 code [0x0000000007338360, 0x0000000007338668]

GC Heap History (10 events):
Event: 2568.558 GC heap before
{Heap before GC invocations=33 (full 5):
 PSYoungGen      total 291840K, used 291656K [0x00000000e0000000, 0x00000000ffc00000, 0x0000000100000000)
  eden space 283648K, 100% used [0x00000000e0000000,0x00000000f1500000,0x00000000f1500000)
  from space 8192K, 97% used [0x00000000f1500000,0x00000000f1cd2258,0x00000000f1d00000)
  to   space 118272K, 0% used [0x00000000f8880000,0x00000000f8880000,0x00000000ffc00000)
 ParOldGen       total 273920K, used 206907K [0x00000000a0000000, 0x00000000b0b80000, 0x00000000e0000000)
  object space 273920K, 75% used [0x00000000a0000000,0x00000000aca0ee58,0x00000000b0b80000)
 Metaspace       used 96247K, capacity 100420K, committed 100776K, reserved 1136640K
  class space    used 12192K, capacity 13041K, committed 13224K, reserved 1048576K
Event: 2568.617 GC heap after
Heap after GC invocations=33 (full 5):
 PSYoungGen      total 406528K, used 18520K [0x00000000e0000000, 0x0000000100000000, 0x0000000100000000)
  eden space 288256K, 0% used [0x00000000e0000000,0x00000000e0000000,0x00000000f1980000)
  from space 118272K, 15% used [0x00000000f8880000,0x00000000f9a96050,0x00000000ffc00000)
  to   space 113664K, 0% used [0x00000000f1980000,0x00000000f1980000,0x00000000f8880000)
 ParOldGen       total 273920K, used 212946K [0x00000000a0000000, 0x00000000b0b80000, 0x00000000e0000000)
  object space 273920K, 77% used [0x00000000a0000000,0x00000000acff4880,0x00000000b0b80000)
 Metaspace       used 96247K, capacity 100420K, committed 100776K, reserved 1136640K
  class space    used 12192K, capacity 13041K, committed 13224K, reserved 1048576K
}
Event: 2578.593 GC heap before
{Heap before GC invocations=34 (full 5):
 PSYoungGen      total 406528K, used 306776K [0x00000000e0000000, 0x0000000100000000, 0x0000000100000000)
  eden space 288256K, 100% used [0x00000000e0000000,0x00000000f1980000,0x00000000f1980000)
  from space 118272K, 15% used [0x00000000f8880000,0x00000000f9a96050,0x00000000ffc00000)
  to   space 113664K, 0% used [0x00000000f1980000,0x00000000f1980000,0x00000000f8880000)
 ParOldGen       total 273920K, used 212946K [0x00000000a0000000, 0x00000000b0b80000, 0x00000000e0000000)
  object space 273920K, 77% used [0x00000000a0000000,0x00000000acff4880,0x00000000b0b80000)
 Metaspace       used 96612K, capacity 100846K, committed 101032K, reserved 1136640K
  class space    used 12213K, capacity 13079K, committed 13224K, reserved 1048576K
Event: 2578.845 GC heap after
Heap after GC invocations=34 (full 5):
 PSYoungGen      total 381952K, used 93191K [0x00000000e0000000, 0x0000000100000000, 0x0000000100000000)
  eden space 288256K, 0% used [0x00000000e0000000,0x00000000e0000000,0x00000000f1980000)
  from space 93696K, 99% used [0x00000000f1980000,0x00000000f7481c98,0x00000000f7500000)
  to   space 126976K, 0% used [0x00000000f8400000,0x00000000f8400000,0x0000000100000000)
 ParOldGen       total 273920K, used 212954K [0x00000000a0000000, 0x00000000b0b80000, 0x00000000e0000000)
  object space 273920K, 77% used [0x00000000a0000000,0x00000000acff6880,0x00000000b0b80000)
 Metaspace       used 96612K, capacity 100846K, committed 101032K, reserved 1136640K
  class space    used 12213K, capacity 13079K, committed 13224K, reserved 1048576K
}
Event: 2611.401 GC heap before
{Heap before GC invocations=35 (full 5):
 PSYoungGen      total 381952K, used 381447K [0x00000000e0000000, 0x0000000100000000, 0x0000000100000000)
  eden space 288256K, 100% used [0x00000000e0000000,0x00000000f1980000,0x00000000f1980000)
  from space 93696K, 99% used [0x00000000f1980000,0x00000000f7481c98,0x00000000f7500000)
  to   space 126976K, 0% used [0x00000000f8400000,0x00000000f8400000,0x0000000100000000)
 ParOldGen       total 273920K, used 212954K [0x00000000a0000000, 0x00000000b0b80000, 0x00000000e0000000)
  object space 273920K, 77% used [0x00000000a0000000,0x00000000acff6880,0x00000000b0b80000)
 Metaspace       used 97046K, capacity 101434K, committed 101800K, reserved 1138688K
  class space    used 12250K, capacity 13133K, committed 13224K, reserved 1048576K
Event: 2611.455 GC heap after
Heap after GC invocations=35 (full 5):
 PSYoungGen      total 402944K, used 25406K [0x00000000e0000000, 0x0000000100000000, 0x0000000100000000)
  eden space 275968K, 0% used [0x00000000e0000000,0x00000000e0000000,0x00000000f0d80000)
  from space 126976K, 20% used [0x00000000f8400000,0x00000000f9ccfb58,0x0000000100000000)
  to   space 121344K, 0% used [0x00000000f0d80000,0x00000000f0d80000,0x00000000f8400000)
 ParOldGen       total 273920K, used 212962K [0x00000000a0000000, 0x00000000b0b80000, 0x00000000e0000000)
  object space 273920K, 77% used [0x00000000a0000000,0x00000000acff8880,0x00000000b0b80000)
 Metaspace       used 97046K, capacity 101434K, committed 101800K, reserved 1138688K
  class space    used 12250K, capacity 13133K, committed 13224K, reserved 1048576K
}
Event: 2880.743 GC heap before
{Heap before GC invocations=36 (full 5):
 PSYoungGen      total 402944K, used 301374K [0x00000000e0000000, 0x0000000100000000, 0x0000000100000000)
  eden space 275968K, 100% used [0x00000000e0000000,0x00000000f0d80000,0x00000000f0d80000)
  from space 126976K, 20% used [0x00000000f8400000,0x00000000f9ccfb58,0x0000000100000000)
  to   space 121344K, 0% used [0x00000000f0d80000,0x00000000f0d80000,0x00000000f8400000)
 ParOldGen       total 273920K, used 212962K [0x00000000a0000000, 0x00000000b0b80000, 0x00000000e0000000)
  object space 273920K, 77% used [0x00000000a0000000,0x00000000acff8880,0x00000000b0b80000)
 Metaspace       used 97500K, capacity 101934K, committed 102184K, reserved 1138688K
  class space    used 12284K, capacity 13195K, committed 13352K, reserved 1048576K
Event: 2880.784 GC heap after
Heap after GC invocations=36 (full 5):
 PSYoungGen      total 301568K, used 25138K [0x00000000e0000000, 0x00000000fef80000, 0x0000000100000000)
  eden space 275968K, 0% used [0x00000000e0000000,0x00000000e0000000,0x00000000f0d80000)
  from space 25600K, 98% used [0x00000000f0d80000,0x00000000f260c930,0x00000000f2680000)
  to   space 115712K, 0% used [0x00000000f7e80000,0x00000000f7e80000,0x00000000fef80000)
 ParOldGen       total 273920K, used 212970K [0x00000000a0000000, 0x00000000b0b80000, 0x00000000e0000000)
  object space 273920K, 77% used [0x00000000a0000000,0x00000000acffa880,0x00000000b0b80000)
 Metaspace       used 97500K, capacity 101934K, committed 102184K, reserved 1138688K
  class space    used 12284K, capacity 13195K, committed 13352K, reserved 1048576K
}
Event: 3613.663 GC heap before
{Heap before GC invocations=37 (full 5):
 PSYoungGen      total 301568K, used 301106K [0x00000000e0000000, 0x00000000fef80000, 0x0000000100000000)
  eden space 275968K, 100% used [0x00000000e0000000,0x00000000f0d80000,0x00000000f0d80000)
  from space 25600K, 98% used [0x00000000f0d80000,0x00000000f260c930,0x00000000f2680000)
  to   space 115712K, 0% used [0x00000000f7e80000,0x00000000f7e80000,0x00000000fef80000)
 ParOldGen       total 273920K, used 212970K [0x00000000a0000000, 0x00000000b0b80000, 0x00000000e0000000)
  object space 273920K, 77% used [0x00000000a0000000,0x00000000acffa880,0x00000000b0b80000)
 Metaspace       used 97695K, capacity 102150K, committed 102440K, reserved 1138688K
  class space    used 12299K, capacity 13219K, committed 13352K, reserved 1048576K
Event: 3613.787 GC heap after
Heap after GC invocations=37 (full 5):
 PSYoungGen      total 391680K, used 14465K [0x00000000e0000000, 0x00000000fef80000, 0x0000000100000000)
  eden space 275968K, 0% used [0x00000000e0000000,0x00000000e0000000,0x00000000f0d80000)
  from space 115712K, 12% used [0x00000000f7e80000,0x00000000f8ca07c0,0x00000000fef80000)
  to   space 25600K, 0% used [0x00000000f0d80000,0x00000000f0d80000,0x00000000f2680000)
 ParOldGen       total 273920K, used 212978K [0x00000000a0000000, 0x00000000b0b80000, 0x00000000e0000000)
  object space 273920K, 77% used [0x00000000a0000000,0x00000000acffc880,0x00000000b0b80000)
 Metaspace       used 97695K, capacity 102150K, committed 102440K, reserved 1138688K
  class space    used 12299K, capacity 13219K, committed 13352K, reserved 1048576K
}

Deoptimization events (10 events):
Event: 3631.890 Thread 0x000000001859f000 Uncommon trap: reason=unstable_if action=reinterpret pc=0x0000000004acf468 method=java.util.concurrent.locks.LockSupport.unpark(Ljava/lang/Thread;)V @ 1
Event: 3634.044 Thread 0x000000001859f000 Uncommon trap: reason=class_check action=maybe_recompile pc=0x0000000005d453e4 method=java.util.stream.MatchOps$MatchOp.evaluateSequential(Ljava/util/stream/PipelineHelper;Ljava/util/Spliterator;)Ljava/lang/Boolean; @ 14
Event: 3635.221 Thread 0x000000001859f000 Uncommon trap: reason=bimorphic action=maybe_recompile pc=0x0000000004456ddc method=org.gradle.internal.logging.text.AbstractStyledTextOutput.text(Ljava/lang/Object;)Lorg/gradle/internal/logging/text/StyledTextOutput; @ 11
Event: 3635.222 Thread 0x000000001859f000 Uncommon trap: reason=bimorphic action=maybe_recompile pc=0x0000000004456ddc method=org.gradle.internal.logging.text.AbstractStyledTextOutput.text(Ljava/lang/Object;)Lorg/gradle/internal/logging/text/StyledTextOutput; @ 11
Event: 3635.222 Thread 0x000000001859f000 Uncommon trap: reason=bimorphic action=maybe_recompile pc=0x00000000032081ac method=org.gradle.internal.logging.text.AbstractLineChoppingStyledTextOutput$StateContext.flushStartLine()V @ 4
Event: 3635.222 Thread 0x000000001859f000 Uncommon trap: reason=bimorphic action=maybe_recompile pc=0x0000000004456ddc method=org.gradle.internal.logging.text.AbstractStyledTextOutput.text(Ljava/lang/Object;)Lorg/gradle/internal/logging/text/StyledTextOutput; @ 11
Event: 3635.242 Thread 0x000000001859f000 Uncommon trap: reason=bimorphic action=maybe_recompile pc=0x0000000005615f84 method=java.util.AbstractList.rangeCheckForAdd(I)V @ 6
Event: 3635.243 Thread 0x000000001859f000 Uncommon trap: reason=bimorphic action=maybe_recompile pc=0x0000000005615f84 method=java.util.AbstractList.rangeCheckForAdd(I)V @ 6
Event: 3635.243 Thread 0x000000001859f000 Uncommon trap: reason=bimorphic action=maybe_recompile pc=0x0000000005615f84 method=java.util.AbstractList.rangeCheckForAdd(I)V @ 6
Event: 3635.243 Thread 0x000000001859f000 Uncommon trap: reason=bimorphic action=maybe_recompile pc=0x0000000005615f84 method=java.util.AbstractList.rangeCheckForAdd(I)V @ 6

Classes redefined (0 events):
No events

Internal exceptions (10 events):
Event: 2885.456 Thread 0x000000001859f000 Exception <a 'java/io/FileNotFoundException'> (0x00000000e9eda148) thrown at [D:\src\AOSP-openjdk-cygwin\jdk8u\hotspot\src\share\vm\prims\jni.cpp, line 710]
Event: 2908.323 Thread 0x00000000185a5800 Exception <a 'sun/nio/fs/WindowsException'> (0x00000000ea5b8b88) thrown at [D:\src\AOSP-openjdk-cygwin\jdk8u\hotspot\src\share\vm\prims\jni.cpp, line 710]
Event: 2908.718 Thread 0x00000000185a2000 Exception <a 'sun/nio/fs/WindowsException'> (0x00000000ed57fb60) thrown at [D:\src\AOSP-openjdk-cygwin\jdk8u\hotspot\src\share\vm\prims\jni.cpp, line 710]
Event: 2909.024 Thread 0x00000000185a2800 Implicit null exception at 0x0000000004b50e8b to 0x0000000004b50f9d
Event: 2910.226 Thread 0x000000001c3cb000 Exception <a 'sun/nio/fs/WindowsException'> (0x00000000ee6378b0) thrown at [D:\src\AOSP-openjdk-cygwin\jdk8u\hotspot\src\share\vm\prims\jni.cpp, line 710]
Event: 3612.015 Thread 0x000000001859f000 Exception <a 'sun/nio/fs/WindowsException'> (0x00000000efb8a618) thrown at [D:\src\AOSP-openjdk-cygwin\jdk8u\hotspot\src\share\vm\prims\jni.cpp, line 710]
Event: 3612.240 Thread 0x000000001859f000 Implicit null exception at 0x000000000475c61f to 0x000000000475c74d
Event: 3634.399 Thread 0x000000001c3d5800 Exception <a 'java/io/IOException'> (0x00000000e86270c0) thrown at [D:\src\AOSP-openjdk-cygwin\jdk8u\hotspot\src\share\vm\prims\jni.cpp, line 710]
Event: 3635.120 Thread 0x000000001859f000 Exception <a 'sun/nio/fs/WindowsException'> (0x00000000e9505420) thrown at [D:\src\AOSP-openjdk-cygwin\jdk8u\hotspot\src\share\vm\prims\jni.cpp, line 710]
Event: 3648.154 Thread 0x000000001859f000 Exception <a 'sun/nio/fs/WindowsException'> (0x00000000ea5f5628) thrown at [D:\src\AOSP-openjdk-cygwin\jdk8u\hotspot\src\share\vm\prims\jni.cpp, line 710]

Events (10 events):
Event: 3649.543 Executing VM operation: RevokeBias done
Event: 3656.264 Thread 0x00000000185a1000 Thread added: 0x00000000185a1000
Event: 3656.267 Executing VM operation: RevokeBias
Event: 3656.268 Executing VM operation: RevokeBias done
Event: 3656.268 Executing VM operation: RevokeBias
Event: 3656.268 Executing VM operation: RevokeBias done
Event: 3656.978 Executing VM operation: RevokeBias
Event: 3656.978 Executing VM operation: RevokeBias done
Event: 3658.343 loading class org/gradle/api/internal/artifacts/transform/TransformationNode$1
Event: 3658.343 loading class org/gradle/api/internal/artifacts/transform/TransformationNode$1 done


Dynamic libraries:
0x00007ff7da6c0000 - 0x00007ff7da6f1000 	C:\Program Files\Android\Android Studio2\jre\bin\java.exe
0x00007ffa42190000 - 0x00007ffa42352000 	C:\Windows\SYSTEM32\ntdll.dll
0x00007ffa416e0000 - 0x00007ffa4178d000 	C:\Windows\system32\KERNEL32.DLL
0x00007ffa3ee20000 - 0x00007ffa3effd000 	C:\Windows\system32\KERNELBASE.dll
0x00007ffa41eb0000 - 0x00007ffa41f56000 	C:\Windows\system32\ADVAPI32.dll
0x00007ffa41790000 - 0x00007ffa4182d000 	C:\Windows\system32\msvcrt.dll
0x00007ffa41d10000 - 0x00007ffa41d6b000 	C:\Windows\system32\sechost.dll
0x00007ffa41bd0000 - 0x00007ffa41cf6000 	C:\Windows\system32\RPCRT4.dll
0x00007ffa3fb10000 - 0x00007ffa3fc5e000 	C:\Windows\system32\USER32.dll
0x00007ffa418f0000 - 0x00007ffa41a73000 	C:\Windows\system32\GDI32.dll
0x00007ffa35af0000 - 0x00007ffa35d64000 	C:\Windows\WinSxS\amd64_microsoft.windows.common-controls_6595b64144ccf1df_6.0.10240.17184_none_f41d7a705752bce6\COMCTL32.dll
0x00007ffa3fad0000 - 0x00007ffa3fb06000 	C:\Windows\system32\IMM32.DLL
0x00007ffa42030000 - 0x00007ffa4218c000 	C:\Windows\system32\MSCTF.dll
0x000000005b6d0000 - 0x000000005b7a2000 	C:\Program Files\Android\Android Studio2\jre\jre\bin\msvcr100.dll
0x000000005b7b0000 - 0x000000005bff6000 	C:\Program Files\Android\Android Studio2\jre\jre\bin\server\jvm.dll
0x00007ffa41830000 - 0x00007ffa41838000 	C:\Windows\system32\PSAPI.DLL
0x00007ffa3d240000 - 0x00007ffa3d263000 	C:\Windows\SYSTEM32\WINMM.dll
0x00007ffa3bdc0000 - 0x00007ffa3bdc9000 	C:\Windows\SYSTEM32\WSOCK32.dll
0x00007ffa36b40000 - 0x00007ffa36b4a000 	C:\Windows\SYSTEM32\VERSION.dll
0x00007ffa41e40000 - 0x00007ffa41ea9000 	C:\Windows\system32\WS2_32.dll
0x00007ffa3d180000 - 0x00007ffa3d1ac000 	C:\Windows\SYSTEM32\WINMMBASE.dll
0x00007ffa40040000 - 0x00007ffa40048000 	C:\Windows\system32\NSI.dll
0x00007ffa3f000000 - 0x00007ffa3f044000 	C:\Windows\system32\cfgmgr32.dll
0x00007ffa3d470000 - 0x00007ffa3d497000 	C:\Windows\SYSTEM32\DEVOBJ.dll
0x00007ffa371b0000 - 0x00007ffa371bf000 	C:\Program Files\Android\Android Studio2\jre\jre\bin\verify.dll
0x00007ffa34260000 - 0x00007ffa34289000 	C:\Program Files\Android\Android Studio2\jre\jre\bin\java.dll
0x00007ffa33a90000 - 0x00007ffa33aa6000 	C:\Program Files\Android\Android Studio2\jre\jre\bin\zip.dll
0x00007ffa40150000 - 0x00007ffa41673000 	C:\Windows\system32\SHELL32.dll
0x00007ffa3f220000 - 0x00007ffa3f849000 	C:\Windows\system32\windows.storage.dll
0x00007ffa3f850000 - 0x00007ffa3facc000 	C:\Windows\system32\combase.dll
0x00007ffa41fd0000 - 0x00007ffa42021000 	C:\Windows\system32\shlwapi.dll
0x00007ffa3ec00000 - 0x00007ffa3ec0f000 	C:\Windows\system32\kernel.appcore.dll
0x00007ffa3ec50000 - 0x00007ffa3ed03000 	C:\Windows\system32\shcore.dll
0x00007ffa3ebb0000 - 0x00007ffa3ebfa000 	C:\Windows\system32\powrprof.dll
0x00007ffa3ec30000 - 0x00007ffa3ec43000 	C:\Windows\system32\profapi.dll
0x00007ffa33390000 - 0x00007ffa333aa000 	C:\Program Files\Android\Android Studio2\jre\jre\bin\net.dll
0x00007ffa3e3c0000 - 0x00007ffa3e41d000 	C:\Windows\system32\mswsock.dll
0x00007ffa33370000 - 0x00007ffa33381000 	C:\Program Files\Android\Android Studio2\jre\jre\bin\nio.dll
0x00007ffa2c8d0000 - 0x00007ffa2c8f6000 	C:\Users\ALEXANDRE\FamilyLife\.gradle\native\29\windows-amd64\native-platform.dll
0x00007ffa371a0000 - 0x00007ffa371ad000 	C:\Program Files\Android\Android Studio2\jre\jre\bin\management.dll
0x00007ffa3e420000 - 0x00007ffa3e437000 	C:\Windows\SYSTEM32\CRYPTSP.dll
0x00007ffa3eae0000 - 0x00007ffa3eb08000 	C:\Windows\SYSTEM32\bcrypt.dll
0x00007ffa3e070000 - 0x00007ffa3e0a3000 	C:\Windows\system32\rsaenh.dll
0x00007ffa3e250000 - 0x00007ffa3e26f000 	C:\Windows\SYSTEM32\USERENV.dll
0x00007ffa3e970000 - 0x00007ffa3e9db000 	C:\Windows\system32\bcryptprimitives.dll
0x00007ffa3e590000 - 0x00007ffa3e59b000 	C:\Windows\SYSTEM32\CRYPTBASE.dll
0x00007ffa3cbe0000 - 0x00007ffa3cc18000 	C:\Windows\SYSTEM32\IPHLPAPI.DLL
0x00007ffa3cbd0000 - 0x00007ffa3cbdb000 	C:\Windows\SYSTEM32\WINNSI.DLL
0x00007ffa389d0000 - 0x00007ffa389e6000 	C:\Windows\SYSTEM32\dhcpcsvc6.DLL
0x00007ffa389b0000 - 0x00007ffa389ca000 	C:\Windows\SYSTEM32\dhcpcsvc.DLL
0x00007ffa26730000 - 0x00007ffa268cc000 	C:\Program Files\Android\Android Studio2\jre\jre\bin\awt.dll
0x00007ffa41d70000 - 0x00007ffa41e32000 	C:\Windows\system32\OLEAUT32.dll
0x00007ffa3c360000 - 0x00007ffa3c382000 	C:\Windows\SYSTEM32\dwmapi.dll
0x00007ffa38250000 - 0x00007ffa38795000 	C:\Windows\SYSTEM32\d2d1.dll
0x00007ffa3d380000 - 0x00007ffa3d3f8000 	C:\Windows\system32\apphelp.dll
0x00007ffa3d5b0000 - 0x00007ffa3d646000 	C:\Windows\system32\uxtheme.dll
0x00007ffa3def0000 - 0x00007ffa3df22000 	C:\Windows\SYSTEM32\ntmarta.dll

VM Arguments:
jvm_args: -Xmx1536m -Dfile.encoding=windows-1252 -Duser.country=US -Duser.language=en -Duser.variant 
java_command: org.gradle.launcher.daemon.bootstrap.GradleDaemon 5.4.1
java_class_path (initial): C:\Users\ALEXANDRE\FamilyLife\.gradle\wrapper\dists\gradle-5.4.1-all\3221gyojl5jsh0helicew7rwx\gradle-5.4.1\lib\gradle-launcher-5.4.1.jar
Launcher Type: SUN_STANDARD

Environment Variables:
JAVA_HOME=C:\Program Files\Java\jdk1.8.0_121
PATH=C:\Python27\;C:\Python27\Scripts;C:\ProgramData\Oracle\Java\javapath;C:\Windows\system32;C:\Windows;C:\Windows\System32\Wbem;C:\Windows\System32\WindowsPowerShell\v1.0\;C:\Qt\Qt5.6.2\5.6\mingw49_32\bin;C:\Qt\Qt5.6.2\Tools\QtCreator\bin;C:\vstudio;C:\Program Files\Java\jdk1.8.0_121\bin;C:\Qt\Qt5.6.2\5.6\mingw49_32\bin;C:\Qt\Qt5.6.2\Tools\mingw492_32;C:\Program Files (x86)\Windows Kits\8.1\Windows Performance Toolkit\;C:\Program Files (x86)\Microsoft Emulator Manager\1.0\C:\MinGW\bin;C:\MinGW\include;C:\MinGW\mingw32\bin;C:\Qt\Qt5.6.2\Tools\mingw492_32\bin;C:\Users\ALEXANDRE\Desktop\gradle-3.5\bin;C:\Program Files\Android\Android Studio\bin;C:\Program Files\Microsoft\Web Platform Installer\;C:\Program Files (x86)\Microsoft ASP.NET\ASP.NET Web Pages\v1.0\;C:\Program Files\Microsoft SQL Server\110\Tools\Binn\;C:\Program Files (x86)\MATLAB\R2013\runtime\win32;C:\Program Files (x86)\MATLAB\R2013\bin;C:\android-studio-ide-162.3934792-windows\android-studio\gradle\gradle-4.6-bin;C:\Users\ALEXANDRE\Desktop\bin;C:\Program Files\Java\jre7\bin;C:\Program Files (x86)\MiKTeX 2.9\miktex\bin\;C:\Program Files\MATLAB\R2017a\runtime\win64;C:\Program Files\MATLAB\R2017a\bin;C:\Program Files\MiKTeX 2.9\miktex\bin\x64\;C:\ProgramData\chocolatey\bin;C:\Program Files\PuTTY\;C:\Program Files\Git\cmd;C:\Program Files\Git\bin;C:\xampp\php;C:\ProgramData\ComposerSetup\bin;C:\Program Files\nodejs\;C:\Users\ALEXANDRE\AppData\Local\Programs\Python\Python37\Scripts\;C:\Users\ALEXANDRE\AppData\Local\Programs\Python\Python37\;C:\Program Files (x86)\Microsoft VS Code\bin;C:\Users\ALEXANDRE\AppData\Roaming\Composer\vendor\bin;C:\Users\ALEXANDRE\AppData\Roaming\npm;C:\Users\ALEXANDRE\AppData\Local\Programs\Microsoft VS Code\bin;C:\Program Files\JetBrains\IntelliJIDEA\bin;;C:\Program Files\heroku\bin
USERNAME=ALEXANDRE
OS=Windows_NT
PROCESSOR_IDENTIFIER=Intel64 Family 6 Model 42 Stepping 7, GenuineIntel



---------------  S Y S T E M  ---------------

OS: Windows 10.0 , 64 bit Build 10240 (10.0.10240.17113)

CPU:total 4 (initial active 4) (2 cores per cpu, 2 threads per core) family 6 model 42 stepping 7, cmov, cx8, fxsr, mmx, sse, sse2, sse3, ssse3, sse4.1, sse4.2, popcnt, avx, clmul, ht, tsc, tscinvbit

Memory: 4k page, physical 4140908k(490724k free), swap 5575532k(2148k free)

vm_info: OpenJDK 64-Bit Server VM (25.202-b03) for windows-amd64 JRE (1.8.0_202-release-1483-b03), built by "builder" with MS VC++ 10.0 (VS2010)

time: Fri Aug 27 14:27:54 2021
timezone: W. Central Africa Standard Time
elapsed time: 3660 seconds (0d 1h 1m 0s)

